#
# A fatal error has been detected by the Java Runtime Environment:
#
#  SIGSEGV (0xb) at pc=0x000000010acb1e84, pid=34693, tid=18691
#
# JRE version: Java(TM) SE Runtime Environment (7.0_67-b01) (build 1.7.0_67-b01)
# Java VM: Java HotSpot(TM) 64-Bit Server VM (24.65-b04 mixed mode bsd-amd64 compressed oops)
# Problematic frame:
# V  [libjvm.dylib+0x2b1e84]
#
# Failed to write core dump. Core dumps have been disabled. To enable core dumping, try "ulimit -c unlimited" before starting Java again
#
# If you would like to submit a bug report, please visit:
#   http://bugreport.sun.com/bugreport/crash.jsp
#

---------------  T H R E A D  ---------------

Current thread (0x00007fc3b3036800):  JavaThread "JDWP Transport Listener: dt_socket" daemon [_thread_in_vm, id=18691, stack(0x0000000117898000,0x0000000117998000)]

siginfo:si_signo=SIGSEGV: si_errno=0, si_code=1 (SEGV_MAPERR), si_addr=0x000000000000000c

Registers:
RAX=0x0000000000000000, RBX=0x00000007d57263d0, RCX=0x000000000000000c, RDX=0x0000000000000000
RSP=0x0000000117997a10, RBP=0x0000000117997a10, RSI=0x00007fc3b0c2ab88, RDI=0x00000007d57263d0
R8 =0x0000000000000000, R9 =0x00000000ffffffc0, R10=0x0000000000000029, R11=0xffff803d66a87510
R12=0x00007fc3b3036800, R13=0x00007fc3b0f10990, R14=0x0000000000000000, R15=0x0000000000000000
RIP=0x000000010acb1e84, EFLAGS=0x0000000000010202, ERR=0x0000000000000004
  TRAPNO=0x000000000000000e

Top of Stack: (sp=0x0000000117997a10)
0x0000000117997a10:   0000000117997a40 000000010ace17be
0x0000000117997a20:   0000000000000000 0000000000000000
0x0000000117997a30:   00000007d57263d0 00007fc3b30369e8
0x0000000117997a40:   0000000117997ab0 000000010ad09086
0x0000000117997a50:   00007fc3b3036800 00007fc3b3036800
0x0000000117997a60:   0000000000000000 0000000000000000
0x0000000117997a70:   00007fc3b30369e8 00007fc3b3036800
0x0000000117997a80:   00007fc3b3036800 0000000117997b08
0x0000000117997a90:   00007fc3b0c2ab88 00007fc3b0f10990
0x0000000117997aa0:   0000000117997c90 00007fc3b30369e8
0x0000000117997ab0:   0000000117997ae0 00000001099c34be
0x0000000117997ac0:   0000000117997c90 00000001099e3dc2
0x0000000117997ad0:   0000000117997b08 00000001099ef588
0x0000000117997ae0:   0000000117997d00 00000001099ca642
0x0000000117997af0:   0000201600000013 0000000000010a00
0x0000000117997b00:   00007fc3b0f10560 0000000117997b58
0x0000000117997b10:   00007fc30000012c 0000000117997b20
0x0000000117997b20:   00007fc300000000 0000000117997b58
0x0000000117997b30:   0000000000000000 00007f0000000000
0x0000000117997b40:   0000201600000014 00007fff00004f80
0x0000000117997b50:   0000000117997b58 000000000000004c
0x0000000117997b60:   000000010000f800 7f00000800000000
0x0000000117997b70:   000000b890c2b0c3 0000000000000000
0x0000000117997b80:   0000010100f80000 0000410000000000
0x0000000117997b90:   000048acc2b0c37f 0000010000000000
0x0000000117997ba0:   00010200f8000000 003e000000000000
0x0000000117997bb0:   005095c2b0c37f00 000d000000000000
0x0000000117997bc0:   010300f800000000 0e00000000000000
0x0000000117997bd0:   88bec1b0c37f0000 8402000000000000
0x0000000117997be0:   0400f80000000000 0000000000000001
0x0000000117997bf0:   bec1b0c37f00000e 0000000000000090
0x0000000117997c00:   00f1000000000003 0000000000000105 

Instructions: (pc=0x000000010acb1e84)
0x000000010acb1e64:   eb 16 48 8d 35 c3 79 4c 00 8a 4e 08 48 d3 e2 48
0x000000010acb1e74:   03 16 eb 04 48 8b 14 0f 84 c0 0f 94 c0 0f b6 c0
0x000000010acb1e84:   8b 44 82 0c 5d c3 8b 04 07 5d c3 90 55 48 89 e5
0x000000010acb1e94:   f6 87 8d 00 00 00 02 75 04 31 ff eb 23 48 63 87 

Register to memory mapping:

RAX=0x0000000000000000 is an unknown value
RBX=0x00000007d57263d0 is an oop
java.lang.String 
 - klass: 'java/lang/String'
RCX=0x000000000000000c is an unknown value
RDX=0x0000000000000000 is an unknown value
RSP=0x0000000117997a10 is pointing into the stack for thread: 0x00007fc3b3036800
RBP=0x0000000117997a10 is pointing into the stack for thread: 0x00007fc3b3036800
RSI=0x00007fc3b0c2ab88 is a global jni handle
RDI=0x00000007d57263d0 is an oop
java.lang.String 
 - klass: 'java/lang/String'
R8 =0x0000000000000000 is an unknown value
R9 =0x00000000ffffffc0 is an unknown value
R10=0x0000000000000029 is an unknown value
R11=0xffff803d66a87510 is an unknown value
R12=0x00007fc3b3036800 is a thread
R13=0x00007fc3b0f10990 is an unknown value
R14=0x0000000000000000 is an unknown value
R15=0x0000000000000000 is an unknown value


Stack: [0x0000000117898000,0x0000000117998000],  sp=0x0000000117997a10,  free space=1022k
Native frames: (J=compiled Java code, j=interpreted, Vv=VM code, C=native code)
V  [libjvm.dylib+0x2b1e84]
V  [libjvm.dylib+0x2e17be]
V  [libjvm.dylib+0x309086]
C  [libjdwp.dylib+0x74be]  value+0x96
C  [libjdwp.dylib+0xe642]  debugLoop_run+0x1ce
C  [libjdwp.dylib+0x1f0e2]  attachThread+0x4d
V  [libjvm.dylib+0x3781c2]
V  [libjvm.dylib+0x4f5855]
V  [libjvm.dylib+0x4f6f5d]
V  [libjvm.dylib+0x420772]
C  [libsystem_pthread.dylib+0x3268]  _pthread_body+0x83
C  [libsystem_pthread.dylib+0x31e5]  _pthread_body+0x0
C  [libsystem_pthread.dylib+0x141d]  thread_start+0xd


---------------  P R O C E S S  ---------------

Java Threads: ( => current thread )
  0x00007fc3b2811000 JavaThread "Service Thread" daemon [_thread_blocked, id=21251, stack(0x0000000117da7000,0x0000000117ea7000)]
  0x00007fc3b5001000 JavaThread "C2 CompilerThread1" daemon [_thread_blocked, id=20739, stack(0x0000000117ca4000,0x0000000117da4000)]
  0x00007fc3b103c000 JavaThread "C2 CompilerThread0" daemon [_thread_blocked, id=20227, stack(0x0000000117ba1000,0x0000000117ca1000)]
  0x00007fc3b2027000 JavaThread "JDWP Command Reader" daemon [_thread_in_native, id=19715, stack(0x0000000117a9e000,0x0000000117b9e000)]
  0x00007fc3b2028000 JavaThread "JDWP Event Helper Thread" daemon [_thread_blocked, id=19203, stack(0x000000011799b000,0x0000000117a9b000)]
=>0x00007fc3b3036800 JavaThread "JDWP Transport Listener: dt_socket" daemon [_thread_in_vm, id=18691, stack(0x0000000117898000,0x0000000117998000)]
  0x00007fc3b3035800 JavaThread "Signal Dispatcher" daemon [_thread_blocked, id=15383, stack(0x000000011778f000,0x000000011788f000)]
  0x00007fc3b3028000 JavaThread "Finalizer" daemon [_thread_blocked, id=13571, stack(0x0000000115d6a000,0x0000000115e6a000)]
  0x00007fc3b3021800 JavaThread "Reference Handler" daemon [_thread_blocked, id=13059, stack(0x0000000115c67000,0x0000000115d67000)]
  0x00007fc3b3000000 JavaThread "main" [_thread_blocked, id=4867, stack(0x000000010b460000,0x000000010b560000)]

Other Threads:
  0x00007fc3b301f000 VMThread [stack: 0x0000000115b64000,0x0000000115c64000] [id=12547]
  0x00007fc3b2800800 WatcherThread [stack: 0x0000000117eaa000,0x0000000117faa000] [id=21763]

VM state:not at safepoint (normal execution)

VM Mutex/Monitor currently owned by a thread: None

Heap
 PSYoungGen      total 38912K, used 2703K [0x00000007d5500000, 0x00000007d8000000, 0x0000000800000000)
  eden space 33792K, 8% used [0x00000007d5500000,0x00000007d57a3ed0,0x00000007d7600000)
  from space 5120K, 0% used [0x00000007d7b00000,0x00000007d7b00000,0x00000007d8000000)
  to   space 5120K, 0% used [0x00000007d7600000,0x00000007d7600000,0x00000007d7b00000)
 ParOldGen       total 87040K, used 0K [0x0000000780000000, 0x0000000785500000, 0x00000007d5500000)
  object space 87040K, 0% used [0x0000000780000000,0x0000000780000000,0x0000000785500000)
 PSPermGen       total 21504K, used 2680K [0x000000077ae00000, 0x000000077c300000, 0x0000000780000000)
  object space 21504K, 12% used [0x000000077ae00000,0x000000077b09e218,0x000000077c300000)

Card table byte_map: [0x000000010e633000,0x000000010ea5d000] byte_map_base: 0x000000010aa5c000

Polling page: 0x00000001099bb000

Code Cache  [0x000000010b573000, 0x000000010b7e3000, 0x000000010e573000)
 total_blobs=175 nmethods=2 adapters=136 free_code_cache=48771Kb largest_free_block=49920256

Compilation events (4 events):
Event: 0.318 Thread 0x00007fc3b103c000    1             java.lang.String::hashCode (55 bytes)
Event: 0.324 Thread 0x00007fc3b103c000 nmethod 1 0x000000010b5d2990 code [0x000000010b5d2ae0, 0x000000010b5d2c98]
Event: 0.341 Thread 0x00007fc3b5001000    2             java.lang.String::indexOf (70 bytes)
Event: 0.344 Thread 0x00007fc3b5001000 nmethod 2 0x000000010b5d2550 code [0x000000010b5d26a0, 0x000000010b5d2888]

GC Heap History (0 events):
No events

Deoptimization events (0 events):
No events

Internal exceptions (10 events):
Event: 0.383 Thread 0x00007fc3b3000000 Threw 0x00000007d55a4538 at /HUDSON/workspace/7u-2-build-macosx-x86_64/jdk7u67/1368/hotspot/src/share/vm/prims/jvm.cpp:1244
Event: 0.383 Thread 0x00007fc3b3000000 Threw 0x00000007d55a4788 at /HUDSON/workspace/7u-2-build-macosx-x86_64/jdk7u67/1368/hotspot/src/share/vm/prims/jvm.cpp:1244
Event: 0.416 Thread 0x00007fc3b3000000 Threw 0x00000007d56fd6d0 at /HUDSON/workspace/7u-2-build-macosx-x86_64/jdk7u67/1368/hotspot/src/share/vm/prims/jvm.cpp:1244
Event: 0.417 Thread 0x00007fc3b3000000 Threw 0x00000007d5700708 at /HUDSON/workspace/7u-2-build-macosx-x86_64/jdk7u67/1368/hotspot/src/share/vm/prims/jvm.cpp:1244
Event: 0.430 Thread 0x00007fc3b3000000 Threw 0x00000007d5702eb0 at /HUDSON/workspace/7u-2-build-macosx-x86_64/jdk7u67/1368/hotspot/src/share/vm/prims/jvm.cpp:1244
Event: 0.451 Thread 0x00007fc3b3000000 Threw 0x00000007d570abb0 at /HUDSON/workspace/7u-2-build-macosx-x86_64/jdk7u67/1368/hotspot/src/share/vm/prims/jvm.cpp:1244
Event: 0.464 Thread 0x00007fc3b3000000 Threw 0x00000007d570d5a8 at /HUDSON/workspace/7u-2-build-macosx-x86_64/jdk7u67/1368/hotspot/src/share/vm/prims/jvm.cpp:1244
Event: 0.478 Thread 0x00007fc3b3000000 Threw 0x00000007d570f9d8 at /HUDSON/workspace/7u-2-build-macosx-x86_64/jdk7u67/1368/hotspot/src/share/vm/prims/jvm.cpp:1244
Event: 0.489 Thread 0x00007fc3b3000000 Threw 0x00000007d5712448 at /HUDSON/workspace/7u-2-build-macosx-x86_64/jdk7u67/1368/hotspot/src/share/vm/prims/jvm.cpp:1244
Event: 0.499 Thread 0x00007fc3b3000000 Threw 0x00000007d57154f0 at /HUDSON/workspace/7u-2-build-macosx-x86_64/jdk7u67/1368/hotspot/src/share/vm/prims/jvm.cpp:1244

Events (10 events):
Event: 372.582 Executing VM operation: GetCurrentLocation
Event: 372.582 Executing VM operation: GetCurrentLocation done
Event: 372.582 Executing VM operation: ChangeSingleStep
Event: 372.582 Executing VM operation: ChangeSingleStep done
Event: 372.583 Executing VM operation: ChangeSingleStep
Event: 372.583 Executing VM operation: ChangeSingleStep done
Event: 372.614 Executing VM operation: GetOrSetLocal
Event: 372.614 Executing VM operation: GetOrSetLocal done
Event: 372.798 Executing VM operation: GetOrSetLocal
Event: 372.798 Executing VM operation: GetOrSetLocal done


Dynamic libraries:
0x000000000956d000 	/System/Library/Frameworks/Cocoa.framework/Versions/A/Cocoa
0x000000000956d000 	/System/Library/Frameworks/Security.framework/Versions/A/Security
0x000000000956d000 	/System/Library/Frameworks/ApplicationServices.framework/Versions/A/ApplicationServices
0x000000000956d000 	/usr/lib/libz.1.dylib
0x000000000956d000 	/usr/lib/libSystem.B.dylib
0x000000000956d000 	/usr/lib/libobjc.A.dylib
0x000000000956d000 	/System/Library/Frameworks/CoreFoundation.framework/Versions/A/CoreFoundation
0x000000000956d000 	/System/Library/Frameworks/Foundation.framework/Versions/C/Foundation
0x000000000956d000 	/System/Library/Frameworks/AppKit.framework/Versions/C/AppKit
0x000000000956d000 	/System/Library/Frameworks/CoreData.framework/Versions/A/CoreData
0x000000000956d000 	/System/Library/PrivateFrameworks/RemoteViewServices.framework/Versions/A/RemoteViewServices
0x000000000956d000 	/System/Library/PrivateFrameworks/UIFoundation.framework/Versions/A/UIFoundation
0x000000000956d000 	/System/Library/Frameworks/IOSurface.framework/Versions/A/IOSurface
0x000000000956d000 	/System/Library/Frameworks/AudioToolbox.framework/Versions/A/AudioToolbox
0x000000000956d000 	/System/Library/Frameworks/AudioUnit.framework/Versions/A/AudioUnit
0x000000000956d000 	/System/Library/PrivateFrameworks/DataDetectorsCore.framework/Versions/A/DataDetectorsCore
0x000000000956d000 	/System/Library/PrivateFrameworks/DesktopServicesPriv.framework/Versions/A/DesktopServicesPriv
0x000000000956d000 	/System/Library/Frameworks/Carbon.framework/Versions/A/Frameworks/HIToolbox.framework/Versions/A/HIToolbox
0x000000000956d000 	/System/Library/Frameworks/QuartzCore.framework/Versions/A/QuartzCore
0x000000000956d000 	/System/Library/Frameworks/Carbon.framework/Versions/A/Frameworks/SpeechRecognition.framework/Versions/A/SpeechRecognition
0x000000000956d000 	/usr/lib/libauto.dylib
0x000000000956d000 	/usr/lib/libicucore.A.dylib
0x000000000956d000 	/usr/lib/libxml2.2.dylib
0x000000000956d000 	/System/Library/PrivateFrameworks/CoreUI.framework/Versions/A/CoreUI
0x000000000956d000 	/System/Library/Frameworks/CoreAudio.framework/Versions/A/CoreAudio
0x000000000956d000 	/System/Library/Frameworks/DiskArbitration.framework/Versions/A/DiskArbitration
0x000000000956d000 	/usr/lib/liblangid.dylib
0x000000000956d000 	/System/Library/PrivateFrameworks/MultitouchSupport.framework/Versions/A/MultitouchSupport
0x000000000956d000 	/System/Library/Frameworks/IOKit.framework/Versions/A/IOKit
0x000000000956d000 	/usr/lib/libDiagnosticMessagesClient.dylib
0x000000000956d000 	/System/Library/Frameworks/CoreServices.framework/Versions/A/CoreServices
0x000000000956d000 	/System/Library/PrivateFrameworks/PerformanceAnalysis.framework/Versions/A/PerformanceAnalysis
0x000000000956d000 	/System/Library/PrivateFrameworks/GenerationalStorage.framework/Versions/A/GenerationalStorage
0x000000000956d000 	/System/Library/Frameworks/OpenGL.framework/Versions/A/OpenGL
0x000000000956d000 	/System/Library/PrivateFrameworks/Sharing.framework/Versions/A/Sharing
0x000000000956d000 	/System/Library/Frameworks/CoreGraphics.framework/Versions/A/CoreGraphics
0x000000000956d000 	/System/Library/Frameworks/CoreText.framework/Versions/A/CoreText
0x000000000956d000 	/System/Library/Frameworks/ImageIO.framework/Versions/A/ImageIO
0x000000000956d000 	/usr/lib/libextension.dylib
0x000000000956d000 	/System/Library/PrivateFrameworks/Backup.framework/Versions/A/Backup
0x000000000956d000 	/usr/lib/libarchive.2.dylib
0x000000000956d000 	/System/Library/Frameworks/CFNetwork.framework/Versions/A/CFNetwork
0x000000000956d000 	/System/Library/Frameworks/SystemConfiguration.framework/Versions/A/SystemConfiguration
0x000000000956d000 	/usr/lib/libCRFSuite.dylib
0x000000000956d000 	/usr/lib/libc++.1.dylib
0x000000000956d000 	/usr/lib/libc++abi.dylib
0x000000000956d000 	/usr/lib/system/libcache.dylib
0x000000000956d000 	/usr/lib/system/libcommonCrypto.dylib
0x000000000956d000 	/usr/lib/system/libcompiler_rt.dylib
0x000000000956d000 	/usr/lib/system/libcopyfile.dylib
0x000000000956d000 	/usr/lib/system/libcorecrypto.dylib
0x000000000956d000 	/usr/lib/system/libdispatch.dylib
0x000000000956d000 	/usr/lib/system/libdyld.dylib
0x000000000956d000 	/usr/lib/system/libkeymgr.dylib
0x000000000956d000 	/usr/lib/system/liblaunch.dylib
0x000000000956d000 	/usr/lib/system/libmacho.dylib
0x000000000956d000 	/usr/lib/system/libquarantine.dylib
0x000000000956d000 	/usr/lib/system/libremovefile.dylib
0x000000000956d000 	/usr/lib/system/libsystem_asl.dylib
0x000000000956d000 	/usr/lib/system/libsystem_blocks.dylib
0x000000000956d000 	/usr/lib/system/libsystem_c.dylib
0x000000000956d000 	/usr/lib/system/libsystem_configuration.dylib
0x000000000956d000 	/usr/lib/system/libsystem_coreservices.dylib
0x000000000956d000 	/usr/lib/system/libsystem_coretls.dylib
0x000000000956d000 	/usr/lib/system/libsystem_dnssd.dylib
0x000000000956d000 	/usr/lib/system/libsystem_info.dylib
0x000000000956d000 	/usr/lib/system/libsystem_kernel.dylib
0x000000000956d000 	/usr/lib/system/libsystem_m.dylib
0x000000000956d000 	/usr/lib/system/libsystem_malloc.dylib
0x000000000956d000 	/usr/lib/system/libsystem_network.dylib
0x000000000956d000 	/usr/lib/system/libsystem_networkextension.dylib
0x000000000956d000 	/usr/lib/system/libsystem_notify.dylib
0x000000000956d000 	/usr/lib/system/libsystem_platform.dylib
0x000000000956d000 	/usr/lib/system/libsystem_pthread.dylib
0x000000000956d000 	/usr/lib/system/libsystem_sandbox.dylib
0x000000000956d000 	/usr/lib/system/libsystem_secinit.dylib
0x000000000956d000 	/usr/lib/system/libsystem_stats.dylib
0x000000000956d000 	/usr/lib/system/libsystem_trace.dylib
0x000000000956d000 	/usr/lib/system/libunc.dylib
0x000000000956d000 	/usr/lib/system/libunwind.dylib
0x000000000956d000 	/usr/lib/system/libxpc.dylib
0x000000000956d000 	/usr/lib/libbz2.1.0.dylib
0x000000000956d000 	/usr/lib/liblzma.5.dylib
0x000000000956d000 	/usr/lib/libbsm.0.dylib
0x000000000956d000 	/usr/lib/libsqlite3.dylib
0x000000000956d000 	/usr/lib/system/libkxld.dylib
0x000000000956d000 	/usr/lib/libxar.1.dylib
0x000000000956d000 	/usr/lib/libpam.2.dylib
0x000000000956d000 	/usr/lib/libOpenScriptingUtil.dylib
0x000000000956d000 	/System/Library/Frameworks/CoreServices.framework/Versions/A/Frameworks/FSEvents.framework/Versions/A/FSEvents
0x000000000956d000 	/System/Library/Frameworks/CoreServices.framework/Versions/A/Frameworks/CarbonCore.framework/Versions/A/CarbonCore
0x000000000956d000 	/System/Library/Frameworks/CoreServices.framework/Versions/A/Frameworks/Metadata.framework/Versions/A/Metadata
0x000000000956d000 	/System/Library/Frameworks/CoreServices.framework/Versions/A/Frameworks/OSServices.framework/Versions/A/OSServices
0x000000000956d000 	/System/Library/Frameworks/CoreServices.framework/Versions/A/Frameworks/SearchKit.framework/Versions/A/SearchKit
0x000000000956d000 	/System/Library/Frameworks/CoreServices.framework/Versions/A/Frameworks/AE.framework/Versions/A/AE
0x000000000956d000 	/System/Library/Frameworks/CoreServices.framework/Versions/A/Frameworks/LaunchServices.framework/Versions/A/LaunchServices
0x000000000956d000 	/System/Library/Frameworks/CoreServices.framework/Versions/A/Frameworks/DictionaryServices.framework/Versions/A/DictionaryServices
0x000000000956d000 	/System/Library/Frameworks/NetFS.framework/Versions/A/NetFS
0x000000000956d000 	/System/Library/PrivateFrameworks/NetAuth.framework/Versions/A/NetAuth
0x000000000956d000 	/System/Library/PrivateFrameworks/login.framework/Versions/A/Frameworks/loginsupport.framework/Versions/A/loginsupport
0x000000000956d000 	/System/Library/PrivateFrameworks/TCC.framework/Versions/A/TCC
0x000000000956d000 	/usr/lib/libmecabra.dylib
0x000000000956d000 	/System/Library/Frameworks/ApplicationServices.framework/Versions/A/Frameworks/ATS.framework/Versions/A/ATS
0x000000000956d000 	/System/Library/Frameworks/ApplicationServices.framework/Versions/A/Frameworks/ColorSync.framework/Versions/A/ColorSync
0x000000000956d000 	/System/Library/Frameworks/ApplicationServices.framework/Versions/A/Frameworks/HIServices.framework/Versions/A/HIServices
0x000000000956d000 	/System/Library/Frameworks/ApplicationServices.framework/Versions/A/Frameworks/LangAnalysis.framework/Versions/A/LangAnalysis
0x000000000956d000 	/System/Library/Frameworks/ApplicationServices.framework/Versions/A/Frameworks/PrintCore.framework/Versions/A/PrintCore
0x000000000956d000 	/System/Library/Frameworks/ApplicationServices.framework/Versions/A/Frameworks/QD.framework/Versions/A/QD
0x000000000956d000 	/System/Library/Frameworks/ApplicationServices.framework/Versions/A/Frameworks/SpeechSynthesis.framework/Versions/A/SpeechSynthesis
0x000000000956d000 	/System/Library/Frameworks/Accelerate.framework/Versions/A/Accelerate
0x000000000956d000 	/System/Library/Frameworks/Accelerate.framework/Versions/A/Frameworks/vImage.framework/Versions/A/vImage
0x000000000956d000 	/System/Library/Frameworks/Accelerate.framework/Versions/A/Frameworks/vecLib.framework/Versions/A/vecLib
0x000000000956d000 	/System/Library/Frameworks/Accelerate.framework/Versions/A/Frameworks/vecLib.framework/Versions/A/libvDSP.dylib
0x000000000956d000 	/System/Library/Frameworks/Accelerate.framework/Versions/A/Frameworks/vecLib.framework/Versions/A/libvMisc.dylib
0x000000000956d000 	/System/Library/Frameworks/Accelerate.framework/Versions/A/Frameworks/vecLib.framework/Versions/A/libLAPACK.dylib
0x000000000956d000 	/System/Library/Frameworks/Accelerate.framework/Versions/A/Frameworks/vecLib.framework/Versions/A/libBLAS.dylib
0x000000000956d000 	/System/Library/Frameworks/Accelerate.framework/Versions/A/Frameworks/vecLib.framework/Versions/A/libLinearAlgebra.dylib
0x000000000956d000 	/System/Library/Frameworks/ApplicationServices.framework/Versions/A/Frameworks/ATS.framework/Versions/A/Resources/libFontParser.dylib
0x000000000956d000 	/System/Library/Frameworks/ApplicationServices.framework/Versions/A/Frameworks/ATS.framework/Versions/A/Resources/libFontRegistry.dylib
0x000000000956d000 	/System/Library/PrivateFrameworks/AppleVPA.framework/Versions/A/AppleVPA
0x000000000956d000 	/System/Library/PrivateFrameworks/AppleJPEG.framework/Versions/A/AppleJPEG
0x000000000956d000 	/System/Library/Frameworks/ImageIO.framework/Versions/A/Resources/libJPEG.dylib
0x000000000956d000 	/System/Library/Frameworks/ImageIO.framework/Versions/A/Resources/libTIFF.dylib
0x000000000956d000 	/System/Library/Frameworks/ImageIO.framework/Versions/A/Resources/libPng.dylib
0x000000000956d000 	/System/Library/Frameworks/ImageIO.framework/Versions/A/Resources/libGIF.dylib
0x000000000956d000 	/System/Library/Frameworks/ImageIO.framework/Versions/A/Resources/libJP2.dylib
0x000000000956d000 	/System/Library/Frameworks/ImageIO.framework/Versions/A/Resources/libRadiance.dylib
0x000000000956d000 	/System/Library/Frameworks/CoreVideo.framework/Versions/A/CoreVideo
0x000000000956d000 	/System/Library/Frameworks/OpenGL.framework/Versions/A/Libraries/libGLU.dylib
0x000000000956d000 	/System/Library/Frameworks/OpenGL.framework/Versions/A/Libraries/libGFXShared.dylib
0x000000000956d000 	/System/Library/Frameworks/OpenGL.framework/Versions/A/Libraries/libGL.dylib
0x000000000956d000 	/System/Library/Frameworks/OpenGL.framework/Versions/A/Libraries/libGLImage.dylib
0x000000000956d000 	/System/Library/Frameworks/OpenGL.framework/Versions/A/Libraries/libCVMSPluginSupport.dylib
0x000000000956d000 	/System/Library/Frameworks/OpenGL.framework/Versions/A/Libraries/libCoreVMClient.dylib
0x000000000956d000 	/usr/lib/libcups.2.dylib
0x000000000956d000 	/System/Library/Frameworks/Kerberos.framework/Versions/A/Kerberos
0x000000000956d000 	/System/Library/Frameworks/GSS.framework/Versions/A/GSS
0x000000000956d000 	/usr/lib/libresolv.9.dylib
0x000000000956d000 	/usr/lib/libiconv.2.dylib
0x000000000956d000 	/System/Library/PrivateFrameworks/Heimdal.framework/Versions/A/Heimdal
0x000000000956d000 	/usr/lib/libheimdal-asn1.dylib
0x000000000956d000 	/System/Library/Frameworks/OpenDirectory.framework/Versions/A/OpenDirectory
0x000000000956d000 	/System/Library/PrivateFrameworks/CommonAuth.framework/Versions/A/CommonAuth
0x000000000956d000 	/System/Library/Frameworks/OpenDirectory.framework/Versions/A/Frameworks/CFOpenDirectory.framework/Versions/A/CFOpenDirectory
0x000000000956d000 	/System/Library/Frameworks/SecurityFoundation.framework/Versions/A/SecurityFoundation
0x000000000956d000 	/System/Library/PrivateFrameworks/LanguageModeling.framework/Versions/A/LanguageModeling
0x000000000956d000 	/usr/lib/libcmph.dylib
0x000000000956d000 	/System/Library/Frameworks/ServiceManagement.framework/Versions/A/ServiceManagement
0x000000000956d000 	/usr/lib/libxslt.1.dylib
0x000000000956d000 	/System/Library/Frameworks/Carbon.framework/Versions/A/Frameworks/Ink.framework/Versions/A/Ink
0x000000000956d000 	/System/Library/Frameworks/QuartzCore.framework/Versions/A/Frameworks/CoreImage.framework/Versions/A/CoreImage
0x000000000956d000 	/System/Library/PrivateFrameworks/CrashReporterSupport.framework/Versions/A/CrashReporterSupport
0x000000000956d000 	/System/Library/Frameworks/OpenCL.framework/Versions/A/OpenCL
0x000000000956d000 	/System/Library/PrivateFrameworks/FaceCore.framework/Versions/A/FaceCore
0x000000000956d000 	/System/Library/PrivateFrameworks/Ubiquity.framework/Versions/A/Ubiquity
0x000000000956d000 	/System/Library/PrivateFrameworks/IconServices.framework/Versions/A/IconServices
0x000000000956d000 	/System/Library/PrivateFrameworks/ChunkingLibrary.framework/Versions/A/ChunkingLibrary
0x000000000956d000 	/System/Library/PrivateFrameworks/Apple80211.framework/Versions/A/Apple80211
0x000000000956d000 	/System/Library/Frameworks/CoreWLAN.framework/Versions/A/CoreWLAN
0x000000000956d000 	/System/Library/Frameworks/IOBluetooth.framework/Versions/A/IOBluetooth
0x000000000956d000 	/System/Library/PrivateFrameworks/CoreWiFi.framework/Versions/A/CoreWiFi
0x000000000956d000 	/System/Library/Frameworks/CoreBluetooth.framework/Versions/A/CoreBluetooth
0x000000000956d000 	/System/Library/PrivateFrameworks/DebugSymbols.framework/Versions/A/DebugSymbols
0x000000000956d000 	/System/Library/PrivateFrameworks/CoreSymbolication.framework/Versions/A/CoreSymbolication
0x000000000956d000 	/System/Library/PrivateFrameworks/Symbolication.framework/Versions/A/Symbolication
0x000000000956d000 	/System/Library/PrivateFrameworks/SpeechRecognitionCore.framework/Versions/A/SpeechRecognitionCore
0x000000010aa00000 	/Library/Java/JavaVirtualMachines/jdk1.7.0_67.jdk/Contents/Home/jre/lib/server/libjvm.dylib
0x000000000956d000 	/usr/lib/libstdc++.6.dylib
0x000000010997e000 	/Library/Java/JavaVirtualMachines/jdk1.7.0_67.jdk/Contents/Home/jre/lib/libverify.dylib
0x000000010998b000 	/Library/Java/JavaVirtualMachines/jdk1.7.0_67.jdk/Contents/Home/jre/lib/libjava.dylib
0x00000001099bc000 	/Library/Java/JavaVirtualMachines/jdk1.7.0_67.jdk/Contents/Home/jre/lib/libjdwp.dylib
0x00000001099f9000 	/Library/Java/JavaVirtualMachines/jdk1.7.0_67.jdk/Contents/Home/jre/lib/libnpt.dylib
0x000000010b56a000 	/Library/Java/JavaVirtualMachines/jdk1.7.0_67.jdk/Contents/Home/jre/lib/libzip.dylib
0x0000000115e6c000 	/System/Library/Frameworks/JavaVM.framework/Frameworks/JavaRuntimeSupport.framework/JavaRuntimeSupport
0x0000000115e84000 	/System/Library/Frameworks/JavaVM.framework/Versions/A/Frameworks/JavaNativeFoundation.framework/Versions/A/JavaNativeFoundation
0x0000000115e99000 	/System/Library/Frameworks/JavaVM.framework/Versions/A/JavaVM
0x000000000956d000 	/System/Library/Frameworks/Carbon.framework/Versions/A/Carbon
0x0000000115ea6000 	/System/Library/PrivateFrameworks/JavaLaunching.framework/Versions/A/JavaLaunching
0x000000000956d000 	/System/Library/Frameworks/Carbon.framework/Versions/A/Frameworks/CommonPanels.framework/Versions/A/CommonPanels
0x000000000956d000 	/System/Library/Frameworks/Carbon.framework/Versions/A/Frameworks/Help.framework/Versions/A/Help
0x000000000956d000 	/System/Library/Frameworks/Carbon.framework/Versions/A/Frameworks/ImageCapture.framework/Versions/A/ImageCapture
0x000000000956d000 	/System/Library/Frameworks/Carbon.framework/Versions/A/Frameworks/OpenScripting.framework/Versions/A/OpenScripting
0x000000000956d000 	/System/Library/Frameworks/Carbon.framework/Versions/A/Frameworks/Print.framework/Versions/A/Print
0x000000000956d000 	/System/Library/Frameworks/Carbon.framework/Versions/A/Frameworks/SecurityHI.framework/Versions/A/SecurityHI
0x0000000117891000 	/Library/Java/JavaVirtualMachines/jdk1.7.0_67.jdk/Contents/Home/jre/lib/libdt_socket.dylib

VM Arguments:
jvm_args: -agentlib:jdwp=transport=dt_socket,suspend=y,address=localhost:55412 -Dfile.encoding=UTF-8 
java_command: model.Game
Launcher Type: SUN_STANDARD

Environment Variables:
PATH=/usr/bin:/bin:/usr/sbin:/sbin
SHELL=/bin/bash

Signal Handlers:
SIGSEGV: [libjvm.dylib+0x52b6c9], sa_mask[0]=0xfffefeff, sa_flags=0x00000043
SIGBUS: [libjvm.dylib+0x52b6c9], sa_mask[0]=0xfffefeff, sa_flags=0x00000042
SIGFPE: [libjvm.dylib+0x41deaa], sa_mask[0]=0xfffefeff, sa_flags=0x00000042
SIGPIPE: [libjvm.dylib+0x41deaa], sa_mask[0]=0xfffefeff, sa_flags=0x00000042
SIGXFSZ: [libjvm.dylib+0x41deaa], sa_mask[0]=0xfffefeff, sa_flags=0x00000042
SIGILL: [libjvm.dylib+0x41deaa], sa_mask[0]=0xfffefeff, sa_flags=0x00000042
SIGUSR1: SIG_DFL, sa_mask[0]=0x00000000, sa_flags=0x00000000
SIGUSR2: [libjvm.dylib+0x41d99c], sa_mask[0]=0x00000004, sa_flags=0x00000042
SIGHUP: [libjvm.dylib+0x41bc2d], sa_mask[0]=0xfffefeff, sa_flags=0x00000042
SIGINT: [libjvm.dylib+0x41bc2d], sa_mask[0]=0xfffefeff, sa_flags=0x00000042
SIGTERM: [libjvm.dylib+0x41bc2d], sa_mask[0]=0xfffefeff, sa_flags=0x00000042
SIGQUIT: [libjvm.dylib+0x41bc2d], sa_mask[0]=0xfffefeff, sa_flags=0x00000042


---------------  S Y S T E M  ---------------

OS:Bsduname:Darwin 14.3.0 Darwin Kernel Version 14.3.0: Mon Mar 23 11:59:05 PDT 2015; root:xnu-2782.20.48~5/RELEASE_X86_64 x86_64
rlimit: STACK 8192k, CORE 0k, NPROC 709, NOFILE 10240, AS infinity
load average:1.96 1.86 1.77

CPU:total 8 (4 cores per cpu, 2 threads per core) family 6 model 58 stepping 9, cmov, cx8, fxsr, mmx, sse, sse2, sse3, ssse3, sse4.1, sse4.2, popcnt, avx, aes, erms, ht, tsc, tscinvbit, tscinv

Memory: 4k page, physical 8388608k(2097152k free)

/proc/meminfo:


vm_info: Java HotSpot(TM) 64-Bit Server VM (24.65-b04) for bsd-amd64 JRE (1.7.0_67-b01), built on Jul 25 2014 08:51:51 by "java_re" with gcc 4.2.1 (Based on Apple Inc. build 5658) (LLVM build 2336.11.00)

time: Sat May 16 14:49:34 2015
elapsed time: 374 seconds

